2023-01-31 23:46:53 [scrapy.utils.log] INFO: Scrapy 2.7.1 started (bot: scrapy_post)
2023-01-31 23:46:53 [scrapy.utils.log] INFO: Versions: lxml 4.9.2.0, libxml2 2.9.12, cssselect 1.2.0, parsel 1.7.0, w3lib 2.1.1, Twisted 22.10.0, Python 3.8.6 (tags/v3.8.6:db45529, Sep 23 2020, 15:52:53) [MSC v.1927 64 bit (AMD64)], pyOpenSSL 23.0.0 (OpenSSL 3.0.7 1 Nov 2022), cryptography 39.0.0, Platform Windows-10-10.0.19041-SP0
2023-01-31 23:46:53 [scrapy.crawler] INFO: Overridden settings:
{'BOT_NAME': 'scrapy_post',
 'LOG_FILE': 'logdemo.log',
 'NEWSPIDER_MODULE': 'scrapy_post.spiders',
 'REQUEST_FINGERPRINTER_IMPLEMENTATION': '2.7',
 'SPIDER_MODULES': ['scrapy_post.spiders'],
 'TWISTED_REACTOR': 'twisted.internet.asyncioreactor.AsyncioSelectorReactor'}
2023-01-31 23:46:53 [asyncio] DEBUG: Using selector: SelectSelector
2023-01-31 23:46:53 [scrapy.utils.log] DEBUG: Using reactor: twisted.internet.asyncioreactor.AsyncioSelectorReactor
2023-01-31 23:46:53 [scrapy.utils.log] DEBUG: Using asyncio event loop: asyncio.windows_events._WindowsSelectorEventLoop
2023-01-31 23:46:53 [scrapy.extensions.telnet] INFO: Telnet Password: b9a2a2fa7807a97e
2023-01-31 23:46:53 [scrapy.middleware] INFO: Enabled extensions:
['scrapy.extensions.corestats.CoreStats',
 'scrapy.extensions.telnet.TelnetConsole',
 'scrapy.extensions.logstats.LogStats']
2023-01-31 23:46:54 [scrapy.middleware] INFO: Enabled downloader middlewares:
['scrapy.downloadermiddlewares.httpauth.HttpAuthMiddleware',
 'scrapy.downloadermiddlewares.downloadtimeout.DownloadTimeoutMiddleware',
 'scrapy.downloadermiddlewares.defaultheaders.DefaultHeadersMiddleware',
 'scrapy.downloadermiddlewares.useragent.UserAgentMiddleware',
 'scrapy.downloadermiddlewares.retry.RetryMiddleware',
 'scrapy.downloadermiddlewares.redirect.MetaRefreshMiddleware',
 'scrapy.downloadermiddlewares.httpcompression.HttpCompressionMiddleware',
 'scrapy.downloadermiddlewares.redirect.RedirectMiddleware',
 'scrapy.downloadermiddlewares.cookies.CookiesMiddleware',
 'scrapy.downloadermiddlewares.httpproxy.HttpProxyMiddleware',
 'scrapy.downloadermiddlewares.stats.DownloaderStats']
2023-01-31 23:46:54 [scrapy.middleware] INFO: Enabled spider middlewares:
['scrapy.spidermiddlewares.httperror.HttpErrorMiddleware',
 'scrapy.spidermiddlewares.offsite.OffsiteMiddleware',
 'scrapy.spidermiddlewares.referer.RefererMiddleware',
 'scrapy.spidermiddlewares.urllength.UrlLengthMiddleware',
 'scrapy.spidermiddlewares.depth.DepthMiddleware']
2023-01-31 23:46:54 [scrapy.middleware] INFO: Enabled item pipelines:
[]
2023-01-31 23:46:54 [scrapy.core.engine] INFO: Spider opened
2023-01-31 23:46:54 [scrapy.extensions.logstats] INFO: Crawled 0 pages (at 0 pages/min), scraped 0 items (at 0 items/min)
2023-01-31 23:46:54 [scrapy.extensions.telnet] INFO: Telnet console listening on 127.0.0.1:6023
2023-01-31 23:46:54 [scrapy.downloadermiddlewares.retry] DEBUG: Retrying <POST https://www.fanyi.baidu.com/sug> (failed 1 times): DNS lookup failed: no results for hostname lookup: www.fanyi.baidu.com.
2023-01-31 23:46:54 [scrapy.downloadermiddlewares.retry] DEBUG: Retrying <POST https://www.fanyi.baidu.com/sug> (failed 2 times): DNS lookup failed: no results for hostname lookup: www.fanyi.baidu.com.
2023-01-31 23:46:54 [scrapy.downloadermiddlewares.retry] ERROR: Gave up retrying <POST https://www.fanyi.baidu.com/sug> (failed 3 times): DNS lookup failed: no results for hostname lookup: www.fanyi.baidu.com.
2023-01-31 23:46:54 [scrapy.core.scraper] ERROR: Error downloading <POST https://www.fanyi.baidu.com/sug>
Traceback (most recent call last):
  File "C:\Users\小可爱\AppData\Local\Programs\Python\Python38\lib\site-packages\twisted\internet\defer.py", line 1693, in _inlineCallbacks
    result = context.run(
  File "C:\Users\小可爱\AppData\Local\Programs\Python\Python38\lib\site-packages\twisted\python\failure.py", line 518, in throwExceptionIntoGenerator
    return g.throw(self.type, self.value, self.tb)
  File "C:\Users\小可爱\AppData\Local\Programs\Python\Python38\lib\site-packages\scrapy\core\downloader\middleware.py", line 49, in process_request
    return (yield download_func(request=request, spider=spider))
  File "C:\Users\小可爱\AppData\Local\Programs\Python\Python38\lib\site-packages\twisted\internet\defer.py", line 892, in _runCallbacks
    current.result = callback(  # type: ignore[misc]
  File "C:\Users\小可爱\AppData\Local\Programs\Python\Python38\lib\site-packages\twisted\internet\endpoints.py", line 1022, in startConnectionAttempts
    raise error.DNSLookupError(
twisted.internet.error.DNSLookupError: DNS lookup failed: no results for hostname lookup: www.fanyi.baidu.com.
2023-01-31 23:46:54 [scrapy.core.engine] INFO: Closing spider (finished)
2023-01-31 23:46:54 [scrapy.statscollectors] INFO: Dumping Scrapy stats:
{'downloader/exception_count': 3,
 'downloader/exception_type_count/twisted.internet.error.DNSLookupError': 3,
 'downloader/request_bytes': 840,
 'downloader/request_count': 3,
 'downloader/request_method_count/POST': 3,
 'elapsed_time_seconds': 0.348699,
 'finish_reason': 'finished',
 'finish_time': datetime.datetime(2023, 1, 31, 15, 46, 54, 547061),
 'log_count/DEBUG': 5,
 'log_count/ERROR': 2,
 'log_count/INFO': 10,
 'retry/count': 2,
 'retry/max_reached': 1,
 'retry/reason_count/twisted.internet.error.DNSLookupError': 2,
 'scheduler/dequeued': 3,
 'scheduler/dequeued/memory': 3,
 'scheduler/enqueued': 3,
 'scheduler/enqueued/memory': 3,
 'start_time': datetime.datetime(2023, 1, 31, 15, 46, 54, 198362)}
2023-01-31 23:46:54 [scrapy.core.engine] INFO: Spider closed (finished)
2023-01-31 23:50:26 [scrapy.utils.log] INFO: Scrapy 2.7.1 started (bot: scrapy_post)
2023-01-31 23:50:26 [scrapy.utils.log] INFO: Versions: lxml 4.9.2.0, libxml2 2.9.12, cssselect 1.2.0, parsel 1.7.0, w3lib 2.1.1, Twisted 22.10.0, Python 3.8.6 (tags/v3.8.6:db45529, Sep 23 2020, 15:52:53) [MSC v.1927 64 bit (AMD64)], pyOpenSSL 23.0.0 (OpenSSL 3.0.7 1 Nov 2022), cryptography 39.0.0, Platform Windows-10-10.0.19041-SP0
2023-01-31 23:50:26 [scrapy.crawler] INFO: Overridden settings:
{'BOT_NAME': 'scrapy_post',
 'LOG_FILE': 'logdemo.log',
 'NEWSPIDER_MODULE': 'scrapy_post.spiders',
 'REQUEST_FINGERPRINTER_IMPLEMENTATION': '2.7',
 'SPIDER_MODULES': ['scrapy_post.spiders'],
 'TWISTED_REACTOR': 'twisted.internet.asyncioreactor.AsyncioSelectorReactor'}
2023-01-31 23:50:26 [asyncio] DEBUG: Using selector: SelectSelector
2023-01-31 23:50:26 [scrapy.utils.log] DEBUG: Using reactor: twisted.internet.asyncioreactor.AsyncioSelectorReactor
2023-01-31 23:50:26 [scrapy.utils.log] DEBUG: Using asyncio event loop: asyncio.windows_events._WindowsSelectorEventLoop
2023-01-31 23:50:26 [scrapy.extensions.telnet] INFO: Telnet Password: abe8bfabb49969f3
2023-01-31 23:50:26 [scrapy.middleware] INFO: Enabled extensions:
['scrapy.extensions.corestats.CoreStats',
 'scrapy.extensions.telnet.TelnetConsole',
 'scrapy.extensions.logstats.LogStats']
2023-01-31 23:50:27 [scrapy.middleware] INFO: Enabled downloader middlewares:
['scrapy.downloadermiddlewares.httpauth.HttpAuthMiddleware',
 'scrapy.downloadermiddlewares.downloadtimeout.DownloadTimeoutMiddleware',
 'scrapy.downloadermiddlewares.defaultheaders.DefaultHeadersMiddleware',
 'scrapy.downloadermiddlewares.useragent.UserAgentMiddleware',
 'scrapy.downloadermiddlewares.retry.RetryMiddleware',
 'scrapy.downloadermiddlewares.redirect.MetaRefreshMiddleware',
 'scrapy.downloadermiddlewares.httpcompression.HttpCompressionMiddleware',
 'scrapy.downloadermiddlewares.redirect.RedirectMiddleware',
 'scrapy.downloadermiddlewares.cookies.CookiesMiddleware',
 'scrapy.downloadermiddlewares.httpproxy.HttpProxyMiddleware',
 'scrapy.downloadermiddlewares.stats.DownloaderStats']
2023-01-31 23:50:27 [scrapy.middleware] INFO: Enabled spider middlewares:
['scrapy.spidermiddlewares.httperror.HttpErrorMiddleware',
 'scrapy.spidermiddlewares.offsite.OffsiteMiddleware',
 'scrapy.spidermiddlewares.referer.RefererMiddleware',
 'scrapy.spidermiddlewares.urllength.UrlLengthMiddleware',
 'scrapy.spidermiddlewares.depth.DepthMiddleware']
2023-01-31 23:50:27 [scrapy.middleware] INFO: Enabled item pipelines:
[]
2023-01-31 23:50:27 [scrapy.core.engine] INFO: Spider opened
2023-01-31 23:50:27 [scrapy.extensions.logstats] INFO: Crawled 0 pages (at 0 pages/min), scraped 0 items (at 0 items/min)
2023-01-31 23:50:27 [scrapy.extensions.telnet] INFO: Telnet console listening on 127.0.0.1:6023
2023-01-31 23:50:27 [filelock] DEBUG: Attempting to acquire lock 2969566361536 on C:\Users\小可爱\AppData\Local\Programs\Python\Python38\lib\site-packages\tldextract\.suffix_cache/publicsuffix.org-tlds\de84b5ca2167d4c83e38fb162f2e8738.tldextract.json.lock
2023-01-31 23:50:27 [filelock] DEBUG: Lock 2969566361536 acquired on C:\Users\小可爱\AppData\Local\Programs\Python\Python38\lib\site-packages\tldextract\.suffix_cache/publicsuffix.org-tlds\de84b5ca2167d4c83e38fb162f2e8738.tldextract.json.lock
2023-01-31 23:50:27 [filelock] DEBUG: Attempting to release lock 2969566361536 on C:\Users\小可爱\AppData\Local\Programs\Python\Python38\lib\site-packages\tldextract\.suffix_cache/publicsuffix.org-tlds\de84b5ca2167d4c83e38fb162f2e8738.tldextract.json.lock
2023-01-31 23:50:27 [filelock] DEBUG: Lock 2969566361536 released on C:\Users\小可爱\AppData\Local\Programs\Python\Python38\lib\site-packages\tldextract\.suffix_cache/publicsuffix.org-tlds\de84b5ca2167d4c83e38fb162f2e8738.tldextract.json.lock
2023-01-31 23:50:27 [scrapy.core.engine] DEBUG: Crawled (200) <POST https://fanyi.baidu.com/sug> (referer: None)
2023-01-31 23:50:27 [scrapy.core.engine] INFO: Closing spider (finished)
2023-01-31 23:50:27 [scrapy.statscollectors] INFO: Dumping Scrapy stats:
{'downloader/request_bytes': 276,
 'downloader/request_count': 1,
 'downloader/request_method_count/POST': 1,
 'downloader/response_bytes': 807,
 'downloader/response_count': 1,
 'downloader/response_status_count/200': 1,
 'elapsed_time_seconds': 0.540365,
 'finish_reason': 'finished',
 'finish_time': datetime.datetime(2023, 1, 31, 15, 50, 27, 788583),
 'httpcompression/response_bytes': 667,
 'httpcompression/response_count': 1,
 'log_count/DEBUG': 8,
 'log_count/INFO': 10,
 'response_received_count': 1,
 'scheduler/dequeued': 1,
 'scheduler/dequeued/memory': 1,
 'scheduler/enqueued': 1,
 'scheduler/enqueued/memory': 1,
 'start_time': datetime.datetime(2023, 1, 31, 15, 50, 27, 248218)}
2023-01-31 23:50:27 [scrapy.core.engine] INFO: Spider closed (finished)
